[2019-07-06 18:12:26] INFO  org.springframework.boot.StartupInfoLogger 50 logStarting - Starting SpringBootDemoApplication on 20160922-PC with PID 11364 (started by Administrator in C:\Users\Administrator\Desktop\springBoot_mybatis_druid整合\后端代码\项目代码\springbootdemo)
[2019-07-06 18:12:26] INFO  org.springframework.boot.SpringApplication 679 logStartupProfileInfo - The following profiles are active: dev
[2019-07-06 18:12:27] INFO  org.springframework.context.support.PostProcessorRegistrationDelegate$BeanPostProcessorChecker 330 postProcessAfterInitialization - Bean 'org.springframework.transaction.annotation.ProxyTransactionManagementConfiguration' of type [org.springframework.transaction.annotation.ProxyTransactionManagementConfiguration$$EnhancerBySpringCGLIB$$60c2c574] is not eligible for getting processed by all BeanPostProcessors (for example: not eligible for auto-proxying)
[2019-07-06 18:12:28] INFO  org.springframework.boot.web.embedded.tomcat.TomcatWebServer 90 initialize - Tomcat initialized with port(s): 9001 (http)
[2019-07-06 18:12:28] INFO  org.apache.juli.logging.DirectJDKLog 173 log - Starting service [Tomcat]
[2019-07-06 18:12:28] INFO  org.apache.juli.logging.DirectJDKLog 173 log - Starting Servlet engine: [Apache Tomcat/9.0.17]
[2019-07-06 18:12:28] INFO  org.apache.juli.logging.DirectJDKLog 173 log - At least one JAR was scanned for TLDs yet contained no TLDs. Enable debug logging for this logger for a complete list of JARs that were scanned but no TLDs were found in them. Skipping unneeded JARs during scanning can improve startup time and JSP compilation time.
[2019-07-06 18:12:28] INFO  org.apache.juli.logging.DirectJDKLog 173 log - Initializing Spring embedded WebApplicationContext
[2019-07-06 18:12:28] INFO  org.springframework.boot.web.servlet.context.ServletWebServerApplicationContext 296 prepareWebApplicationContext - Root WebApplicationContext: initialization completed in 1513 ms
[2019-07-06 18:12:28] INFO  com.alibaba.druid.spring.boot.autoconfigure.DruidDataSourceAutoConfigure 56 dataSource - Init DruidDataSource
[2019-07-06 18:12:28] INFO  com.alibaba.druid.pool.DruidDataSource 928 init - {dataSource-1} inited
[2019-07-06 18:12:29] INFO  springfox.documentation.spring.web.PropertySourcedRequestMappingHandlerMapping 69 initHandlerMethods - Mapped URL path [/v2/api-docs] onto method [public org.springframework.http.ResponseEntity<springfox.documentation.spring.web.json.Json> springfox.documentation.swagger2.web.Swagger2Controller.getDocumentation(java.lang.String,javax.servlet.http.HttpServletRequest)]
[2019-07-06 18:12:29] INFO  springfox.documentation.spring.web.plugins.DocumentationPluginsBootstrapper 160 start - Context refreshed
[2019-07-06 18:12:29] INFO  springfox.documentation.spring.web.plugins.DocumentationPluginsBootstrapper 163 start - Found 1 custom documentation plugin(s)
[2019-07-06 18:12:29] INFO  springfox.documentation.spring.web.scanners.ApiListingReferenceScanner 41 scan - Scanning for api listing references
[2019-07-06 18:12:29] INFO  org.springframework.boot.web.embedded.tomcat.TomcatWebServer 204 start - Tomcat started on port(s): 9001 (http) with context path ''
[2019-07-06 18:12:29] INFO  org.springframework.boot.StartupInfoLogger 59 logStarted - Started SpringBootDemoApplication in 3.417 seconds (JVM running for 4.382)
[2019-07-06 18:12:42] INFO  org.apache.juli.logging.DirectJDKLog 173 log - Initializing Spring DispatcherServlet 'dispatcherServlet'
[2019-07-06 18:12:42] INFO  org.springframework.web.servlet.FrameworkServlet 524 initServletBean - Initializing Servlet 'dispatcherServlet'
[2019-07-06 18:12:42] INFO  org.springframework.web.servlet.FrameworkServlet 546 initServletBean - Completed initialization in 15 ms
[2019-07-11 09:29:47] INFO  org.springframework.boot.StartupInfoLogger 50 logStarting - Starting SpringBootDemoApplication on 20160922-PC with PID 5444 (started by Administrator in C:\Users\Administrator\Desktop\springboot-3\课堂代码\后端代码\项目代码\springbootdemo)
[2019-07-11 09:29:47] INFO  org.springframework.boot.SpringApplication 679 logStartupProfileInfo - The following profiles are active: dev
[2019-07-11 09:29:48] INFO  org.springframework.context.support.PostProcessorRegistrationDelegate$BeanPostProcessorChecker 330 postProcessAfterInitialization - Bean 'org.springframework.transaction.annotation.ProxyTransactionManagementConfiguration' of type [org.springframework.transaction.annotation.ProxyTransactionManagementConfiguration$$EnhancerBySpringCGLIB$$4d84f20b] is not eligible for getting processed by all BeanPostProcessors (for example: not eligible for auto-proxying)
[2019-07-11 09:29:48] INFO  org.springframework.boot.web.embedded.tomcat.TomcatWebServer 90 initialize - Tomcat initialized with port(s): 9001 (http)
[2019-07-11 09:29:48] INFO  org.apache.juli.logging.DirectJDKLog 173 log - Starting service [Tomcat]
[2019-07-11 09:29:48] INFO  org.apache.juli.logging.DirectJDKLog 173 log - Starting Servlet engine: [Apache Tomcat/9.0.17]
[2019-07-11 09:29:48] INFO  org.apache.juli.logging.DirectJDKLog 173 log - At least one JAR was scanned for TLDs yet contained no TLDs. Enable debug logging for this logger for a complete list of JARs that were scanned but no TLDs were found in them. Skipping unneeded JARs during scanning can improve startup time and JSP compilation time.
[2019-07-11 09:29:48] INFO  org.apache.juli.logging.DirectJDKLog 173 log - Initializing Spring embedded WebApplicationContext
[2019-07-11 09:29:48] INFO  org.springframework.boot.web.servlet.context.ServletWebServerApplicationContext 296 prepareWebApplicationContext - Root WebApplicationContext: initialization completed in 1571 ms
[2019-07-11 09:29:48] INFO  com.alibaba.druid.spring.boot.autoconfigure.DruidDataSourceAutoConfigure 56 dataSource - Init DruidDataSource
[2019-07-11 09:29:49] INFO  com.alibaba.druid.pool.DruidDataSource 928 init - {dataSource-1} inited
[2019-07-11 09:29:49] INFO  springfox.documentation.spring.web.PropertySourcedRequestMappingHandlerMapping 69 initHandlerMethods - Mapped URL path [/v2/api-docs] onto method [public org.springframework.http.ResponseEntity<springfox.documentation.spring.web.json.Json> springfox.documentation.swagger2.web.Swagger2Controller.getDocumentation(java.lang.String,javax.servlet.http.HttpServletRequest)]
[2019-07-11 09:29:50] INFO  springfox.documentation.spring.web.plugins.DocumentationPluginsBootstrapper 160 start - Context refreshed
[2019-07-11 09:29:50] INFO  springfox.documentation.spring.web.plugins.DocumentationPluginsBootstrapper 163 start - Found 1 custom documentation plugin(s)
[2019-07-11 09:29:50] INFO  springfox.documentation.spring.web.scanners.ApiListingReferenceScanner 41 scan - Scanning for api listing references
[2019-07-11 09:29:50] INFO  org.springframework.boot.web.embedded.tomcat.TomcatWebServer 204 start - Tomcat started on port(s): 9001 (http) with context path ''
[2019-07-11 09:29:50] INFO  org.springframework.boot.StartupInfoLogger 59 logStarted - Started SpringBootDemoApplication in 4.14 seconds (JVM running for 5.921)
[2019-07-11 09:42:16] INFO  org.apache.juli.logging.DirectJDKLog 173 log - Initializing Spring DispatcherServlet 'dispatcherServlet'
[2019-07-11 09:42:16] INFO  org.springframework.web.servlet.FrameworkServlet 524 initServletBean - Initializing Servlet 'dispatcherServlet'
[2019-07-11 09:42:16] INFO  org.springframework.web.servlet.FrameworkServlet 546 initServletBean - Completed initialization in 8 ms
[2019-07-11 09:44:01] INFO  org.springframework.boot.StartupInfoLogger 50 logStarting - Starting SpringBootDemoApplication on 20160922-PC with PID 7140 (started by Administrator in C:\Users\Administrator\Desktop\springboot-3\课堂代码\后端代码\项目代码\springbootdemo)
[2019-07-11 09:44:01] INFO  org.springframework.boot.SpringApplication 679 logStartupProfileInfo - The following profiles are active: dev
[2019-07-11 09:44:02] INFO  org.springframework.context.support.PostProcessorRegistrationDelegate$BeanPostProcessorChecker 330 postProcessAfterInitialization - Bean 'org.springframework.transaction.annotation.ProxyTransactionManagementConfiguration' of type [org.springframework.transaction.annotation.ProxyTransactionManagementConfiguration$$EnhancerBySpringCGLIB$$ba0e9e2a] is not eligible for getting processed by all BeanPostProcessors (for example: not eligible for auto-proxying)
[2019-07-11 09:44:03] INFO  org.springframework.boot.web.embedded.tomcat.TomcatWebServer 90 initialize - Tomcat initialized with port(s): 9001 (http)
[2019-07-11 09:44:03] INFO  org.apache.juli.logging.DirectJDKLog 173 log - Starting service [Tomcat]
[2019-07-11 09:44:03] INFO  org.apache.juli.logging.DirectJDKLog 173 log - Starting Servlet engine: [Apache Tomcat/9.0.17]
[2019-07-11 09:44:03] INFO  org.apache.juli.logging.DirectJDKLog 173 log - At least one JAR was scanned for TLDs yet contained no TLDs. Enable debug logging for this logger for a complete list of JARs that were scanned but no TLDs were found in them. Skipping unneeded JARs during scanning can improve startup time and JSP compilation time.
[2019-07-11 09:44:03] INFO  org.apache.juli.logging.DirectJDKLog 173 log - Initializing Spring embedded WebApplicationContext
[2019-07-11 09:44:03] INFO  org.springframework.boot.web.servlet.context.ServletWebServerApplicationContext 296 prepareWebApplicationContext - Root WebApplicationContext: initialization completed in 1420 ms
[2019-07-11 09:44:03] INFO  com.alibaba.druid.spring.boot.autoconfigure.DruidDataSourceAutoConfigure 56 dataSource - Init DruidDataSource
[2019-07-11 09:44:03] INFO  com.alibaba.druid.pool.DruidDataSource 928 init - {dataSource-1} inited
[2019-07-11 09:44:04] INFO  springfox.documentation.spring.web.PropertySourcedRequestMappingHandlerMapping 69 initHandlerMethods - Mapped URL path [/v2/api-docs] onto method [public org.springframework.http.ResponseEntity<springfox.documentation.spring.web.json.Json> springfox.documentation.swagger2.web.Swagger2Controller.getDocumentation(java.lang.String,javax.servlet.http.HttpServletRequest)]
[2019-07-11 09:44:04] INFO  springfox.documentation.spring.web.plugins.DocumentationPluginsBootstrapper 160 start - Context refreshed
[2019-07-11 09:44:04] INFO  springfox.documentation.spring.web.plugins.DocumentationPluginsBootstrapper 163 start - Found 1 custom documentation plugin(s)
[2019-07-11 09:44:04] INFO  springfox.documentation.spring.web.scanners.ApiListingReferenceScanner 41 scan - Scanning for api listing references
[2019-07-11 09:44:04] INFO  org.springframework.boot.web.embedded.tomcat.TomcatWebServer 204 start - Tomcat started on port(s): 9001 (http) with context path ''
[2019-07-11 09:44:04] INFO  org.springframework.boot.StartupInfoLogger 59 logStarted - Started SpringBootDemoApplication in 3.397 seconds (JVM running for 4.991)
[2019-07-11 09:44:08] INFO  org.apache.juli.logging.DirectJDKLog 173 log - Initializing Spring DispatcherServlet 'dispatcherServlet'
[2019-07-11 09:44:08] INFO  org.springframework.web.servlet.FrameworkServlet 524 initServletBean - Initializing Servlet 'dispatcherServlet'
[2019-07-11 09:44:08] INFO  org.springframework.web.servlet.FrameworkServlet 546 initServletBean - Completed initialization in 6 ms
[2019-07-11 09:58:01] INFO  org.springframework.boot.StartupInfoLogger 50 logStarting - Starting SpringBootDemoApplication on 20160922-PC with PID 10824 (started by Administrator in C:\Users\Administrator\Desktop\springboot-3\课堂代码\后端代码\项目代码\springbootdemo)
[2019-07-11 09:58:01] INFO  org.springframework.boot.SpringApplication 679 logStartupProfileInfo - The following profiles are active: dev
[2019-07-11 09:58:02] INFO  org.springframework.context.support.PostProcessorRegistrationDelegate$BeanPostProcessorChecker 330 postProcessAfterInitialization - Bean 'org.springframework.transaction.annotation.ProxyTransactionManagementConfiguration' of type [org.springframework.transaction.annotation.ProxyTransactionManagementConfiguration$$EnhancerBySpringCGLIB$$f1c7ce46] is not eligible for getting processed by all BeanPostProcessors (for example: not eligible for auto-proxying)
[2019-07-11 09:58:03] INFO  org.springframework.boot.web.embedded.tomcat.TomcatWebServer 90 initialize - Tomcat initialized with port(s): 9001 (http)
[2019-07-11 09:58:03] INFO  org.apache.juli.logging.DirectJDKLog 173 log - Starting service [Tomcat]
[2019-07-11 09:58:03] INFO  org.apache.juli.logging.DirectJDKLog 173 log - Starting Servlet engine: [Apache Tomcat/9.0.17]
[2019-07-11 09:58:03] INFO  org.apache.juli.logging.DirectJDKLog 173 log - At least one JAR was scanned for TLDs yet contained no TLDs. Enable debug logging for this logger for a complete list of JARs that were scanned but no TLDs were found in them. Skipping unneeded JARs during scanning can improve startup time and JSP compilation time.
[2019-07-11 09:58:03] INFO  org.apache.juli.logging.DirectJDKLog 173 log - Initializing Spring embedded WebApplicationContext
[2019-07-11 09:58:03] INFO  org.springframework.boot.web.servlet.context.ServletWebServerApplicationContext 296 prepareWebApplicationContext - Root WebApplicationContext: initialization completed in 1536 ms
[2019-07-11 09:58:03] INFO  com.alibaba.druid.spring.boot.autoconfigure.DruidDataSourceAutoConfigure 56 dataSource - Init DruidDataSource
[2019-07-11 09:58:03] INFO  com.alibaba.druid.pool.DruidDataSource 928 init - {dataSource-1} inited
[2019-07-11 09:58:04] INFO  springfox.documentation.spring.web.PropertySourcedRequestMappingHandlerMapping 69 initHandlerMethods - Mapped URL path [/v2/api-docs] onto method [public org.springframework.http.ResponseEntity<springfox.documentation.spring.web.json.Json> springfox.documentation.swagger2.web.Swagger2Controller.getDocumentation(java.lang.String,javax.servlet.http.HttpServletRequest)]
[2019-07-11 09:58:04] INFO  springfox.documentation.spring.web.plugins.DocumentationPluginsBootstrapper 160 start - Context refreshed
[2019-07-11 09:58:04] INFO  springfox.documentation.spring.web.plugins.DocumentationPluginsBootstrapper 163 start - Found 1 custom documentation plugin(s)
[2019-07-11 09:58:04] INFO  springfox.documentation.spring.web.scanners.ApiListingReferenceScanner 41 scan - Scanning for api listing references
[2019-07-11 09:58:04] INFO  org.springframework.boot.web.embedded.tomcat.TomcatWebServer 204 start - Tomcat started on port(s): 9001 (http) with context path ''
[2019-07-11 09:58:04] INFO  org.springframework.boot.StartupInfoLogger 59 logStarted - Started SpringBootDemoApplication in 3.636 seconds (JVM running for 4.902)
[2019-07-11 09:58:06] INFO  org.apache.juli.logging.DirectJDKLog 173 log - Initializing Spring DispatcherServlet 'dispatcherServlet'
[2019-07-11 09:58:06] INFO  org.springframework.web.servlet.FrameworkServlet 524 initServletBean - Initializing Servlet 'dispatcherServlet'
[2019-07-11 09:58:06] INFO  org.springframework.web.servlet.FrameworkServlet 546 initServletBean - Completed initialization in 7 ms
[2019-07-11 10:03:13] INFO  org.springframework.boot.StartupInfoLogger 50 logStarting - Starting SpringBootDemoApplication on 20160922-PC with PID 11824 (started by Administrator in C:\Users\Administrator\Desktop\springboot-3\课堂代码\后端代码\项目代码\springbootdemo)
[2019-07-11 10:03:13] INFO  org.springframework.boot.SpringApplication 679 logStartupProfileInfo - The following profiles are active: dev
[2019-07-11 10:03:14] INFO  org.springframework.context.support.PostProcessorRegistrationDelegate$BeanPostProcessorChecker 330 postProcessAfterInitialization - Bean 'org.springframework.transaction.annotation.ProxyTransactionManagementConfiguration' of type [org.springframework.transaction.annotation.ProxyTransactionManagementConfiguration$$EnhancerBySpringCGLIB$$f882acc1] is not eligible for getting processed by all BeanPostProcessors (for example: not eligible for auto-proxying)
[2019-07-11 10:03:15] INFO  org.springframework.boot.web.embedded.tomcat.TomcatWebServer 90 initialize - Tomcat initialized with port(s): 9001 (http)
[2019-07-11 10:03:15] INFO  org.apache.juli.logging.DirectJDKLog 173 log - Starting service [Tomcat]
[2019-07-11 10:03:15] INFO  org.apache.juli.logging.DirectJDKLog 173 log - Starting Servlet engine: [Apache Tomcat/9.0.17]
[2019-07-11 10:03:15] INFO  org.apache.juli.logging.DirectJDKLog 173 log - At least one JAR was scanned for TLDs yet contained no TLDs. Enable debug logging for this logger for a complete list of JARs that were scanned but no TLDs were found in them. Skipping unneeded JARs during scanning can improve startup time and JSP compilation time.
[2019-07-11 10:03:15] INFO  org.apache.juli.logging.DirectJDKLog 173 log - Initializing Spring embedded WebApplicationContext
[2019-07-11 10:03:15] INFO  org.springframework.boot.web.servlet.context.ServletWebServerApplicationContext 296 prepareWebApplicationContext - Root WebApplicationContext: initialization completed in 1766 ms
[2019-07-11 10:03:15] INFO  com.alibaba.druid.spring.boot.autoconfigure.DruidDataSourceAutoConfigure 56 dataSource - Init DruidDataSource
[2019-07-11 10:03:15] INFO  com.alibaba.druid.pool.DruidDataSource 928 init - {dataSource-1} inited
[2019-07-11 10:03:16] INFO  springfox.documentation.spring.web.PropertySourcedRequestMappingHandlerMapping 69 initHandlerMethods - Mapped URL path [/v2/api-docs] onto method [public org.springframework.http.ResponseEntity<springfox.documentation.spring.web.json.Json> springfox.documentation.swagger2.web.Swagger2Controller.getDocumentation(java.lang.String,javax.servlet.http.HttpServletRequest)]
[2019-07-11 10:03:16] INFO  springfox.documentation.spring.web.plugins.DocumentationPluginsBootstrapper 160 start - Context refreshed
[2019-07-11 10:03:16] INFO  springfox.documentation.spring.web.plugins.DocumentationPluginsBootstrapper 163 start - Found 1 custom documentation plugin(s)
[2019-07-11 10:03:16] INFO  springfox.documentation.spring.web.scanners.ApiListingReferenceScanner 41 scan - Scanning for api listing references
[2019-07-11 10:03:17] INFO  org.springframework.boot.web.embedded.tomcat.TomcatWebServer 204 start - Tomcat started on port(s): 9001 (http) with context path ''
[2019-07-11 10:03:17] INFO  org.springframework.boot.StartupInfoLogger 59 logStarted - Started SpringBootDemoApplication in 4.082 seconds (JVM running for 5.26)
[2019-07-11 10:03:18] INFO  org.apache.juli.logging.DirectJDKLog 173 log - Initializing Spring DispatcherServlet 'dispatcherServlet'
[2019-07-11 10:03:18] INFO  org.springframework.web.servlet.FrameworkServlet 524 initServletBean - Initializing Servlet 'dispatcherServlet'
[2019-07-11 10:03:18] INFO  org.springframework.web.servlet.FrameworkServlet 546 initServletBean - Completed initialization in 20 ms
